[2025-04-12T00:44:12.373Z] System synced: Red Cross Blood Bank
[2025-04-12T04:32:05.667Z] System synced: Max Healthcare
[2025-04-18T03:10:14.230Z] ERROR: Fetching systems failed - Cannot read properties of undefined (reading 'charsets')
[2025-04-18T03:15:29.228Z] System retry success: Hospital B EHR
[2025-04-18T03:15:31.629Z] System retry success: BloodLink Center
[2025-04-18T03:15:36.390Z] System synced: Jeevan Blood Bank
[2025-07-31T12:02:18.542Z] System retry success: Hospital A EMR
[2025-07-31T12:02:20.090Z] System retry success: National Blood Database
[2025-07-31T12:02:20.981Z] System retry success: Hospital B EHR
[2025-07-31T12:05:15.757Z] System synced: akhil
[2025-07-31T12:05:17.589Z] System synced: Hospital A EMR
[2025-07-31T12:05:18.180Z] System synced: National Blood Database
[2025-07-31T12:05:18.715Z] System synced: Hospital B EHR
[2025-07-31T12:06:46.081Z] System retry success: Hospital A EMR
[2025-07-31T12:06:47.696Z] System retry success: akhil
[2025-07-31T12:20:02.086Z] System created: Balaji Asish Asish Atukuri
[2025-07-31T12:20:04.932Z] System synced: Balaji Asish Asish Atukuri
[2025-07-31T12:20:05.795Z] System retry success: Balaji Asish Asish Atukuri
[2025-07-31T12:20:12.073Z] System synced: Balaji Asish Asish Atukuri
[2025-07-31T12:20:12.488Z] System synced: Hospital B EHR
[2025-07-31T12:20:13.302Z] System synced: National Blood Database
[2025-07-31T12:20:13.838Z] System synced: akhil
[2025-07-31T12:20:14.479Z] System synced: Hospital A EMR
[2025-07-31T12:20:50.582Z] System created: Asish
[2025-07-31T12:20:57.232Z] System synced: Asish
[2025-07-31T12:21:45.802Z] System created: viraj
[2025-07-31T12:21:59.539Z] System retry success: viraj
[2025-07-31T12:22:00.784Z] System synced: viraj
[2025-07-31T12:30:56.312Z] System created: Atukuri Durga Aasritha
